# JRE version: Java(TM) SE Runtime Environment (17.0.12+8) (build 17.0.12+8-LTS-286)
# Java VM: Java HotSpot(TM) 64-Bit Server VM (17.0.12+8-LTS-286, mixed mode, sharing, tiered, compressed oops, compressed class ptrs, g1 gc, windows-amd64)
GC Precious Log:
 CPUs: 4 total, 4 available
 Memory: 7886M
 Large Page Support: Disabled
 NUMA Support: Disabled
 Compressed Oops: Enabled (32-bit)
 Heap Region Size: 1M
 Heap Min Capacity: 8M
 Heap Initial Capacity: 124M
 Heap Max Capacity: 2G
 Pre-touch: Disabled
 Parallel Workers: 4
 Concurrent Workers: 1
 Concurrent Refinement Workers: 4
 Periodic GC: Disabled
Heap:
 garbage-first heap   total 249856K, used 136246K [0x0000000080000000, 0x0000000100000000)
  region size 1024K, 6 young (6144K), 6 survivors (6144K)
 Metaspace       used 109581K, committed 111040K, reserved 557056K
  class space    used 15130K, committed 15872K, reserved 425984K
GC Heap History (20 events):
Event: 6782.857 GC heap after
{Heap after GC invocations=71 (full 0):
 garbage-first heap   total 249856K, used 140563K [0x0000000080000000, 0x0000000100000000)
  region size 1024K, 6 young (6144K), 6 survivors (6144K)
 Metaspace       used 106293K, committed 107712K, reserved 557056K
  class space    used 14787K, committed 15488K, reserved 425984K
}
Event: 6789.263 GC heap before
{Heap before GC invocations=72 (full 0):
 garbage-first heap   total 249856K, used 212243K [0x0000000080000000, 0x0000000100000000)
  region size 1024K, 76 young (77824K), 6 survivors (6144K)
 Metaspace       used 108156K, committed 109312K, reserved 557056K
  class space    used 14971K, committed 15552K, reserved 425984K
}
Event: 6789.292 GC heap after
{Heap after GC invocations=73 (full 0):
 garbage-first heap   total 249856K, used 146122K [0x0000000080000000, 0x0000000100000000)
  region size 1024K, 10 young (10240K), 10 survivors (10240K)
 Metaspace       used 108156K, committed 109312K, reserved 557056K
  class space    used 14971K, committed 15552K, reserved 425984K
}
Event: 6789.454 GC heap before
{Heap before GC invocations=73 (full 0):
 garbage-first heap   total 249856K, used 148170K [0x0000000080000000, 0x0000000100000000)
  region size 1024K, 12 young (12288K), 10 survivors (10240K)
 Metaspace       used 108190K, committed 109376K, reserved 557056K
  class space    used 14976K, committed 15552K, reserved 425984K
}
Event: 6789.614 GC heap after
{Heap after GC invocations=74 (full 0):
 garbage-first heap   total 249856K, used 135041K [0x0000000080000000, 0x0000000100000000)
  region size 1024K, 2 young (2048K), 2 survivors (2048K)
 Metaspace       used 108190K, committed 109376K, reserved 557056K
  class space    used 14976K, committed 15552K, reserved 425984K
}
Event: 6790.314 GC heap before
{Heap before GC invocations=74 (full 0):
 garbage-first heap   total 249856K, used 145281K [0x0000000080000000, 0x0000000100000000)
  region size 1024K, 12 young (12288K), 2 survivors (2048K)
 Metaspace       used 108385K, committed 109632K, reserved 557056K
  class space    used 15008K, committed 15616K, reserved 425984K
}
Event: 6790.339 GC heap after
{Heap after GC invocations=75 (full 0):
 garbage-first heap   total 249856K, used 132286K [0x0000000080000000, 0x0000000100000000)
  region size 1024K, 2 young (2048K), 2 survivors (2048K)
 Metaspace       used 108385K, committed 109632K, reserved 557056K
  class space    used 15008K, committed 15616K, reserved 425984K
}
Event: 6790.648 GC heap before
{Heap before GC invocations=75 (full 0):
 garbage-first heap   total 249856K, used 137406K [0x0000000080000000, 0x0000000100000000)
  region size 1024K, 8 young (8192K), 2 survivors (2048K)
 Metaspace       used 108390K, committed 109632K, reserved 557056K
  class space    used 15009K, committed 15616K, reserved 425984K
}
Event: 6790.653 GC heap after
{Heap after GC invocations=76 (full 0):
 garbage-first heap   total 249856K, used 132593K [0x0000000080000000, 0x0000000100000000)
  region size 1024K, 2 young (2048K), 2 survivors (2048K)
 Metaspace       used 108390K, committed 109632K, reserved 557056K
  class space    used 15009K, committed 15616K, reserved 425984K
}
Event: 6800.117 GC heap before
{Heap before GC invocations=77 (full 0):
 garbage-first heap   total 249856K, used 207345K [0x0000000080000000, 0x0000000100000000)
  region size 1024K, 76 young (77824K), 2 survivors (2048K)
 Metaspace       used 108754K, committed 110080K, reserved 557056K
  class space    used 15050K, committed 15680K, reserved 425984K
}
Event: 6800.138 GC heap after
{Heap after GC invocations=78 (full 0):
 garbage-first heap   total 249856K, used 138708K [0x0000000080000000, 0x0000000100000000)
  region size 1024K, 10 young (10240K), 10 survivors (10240K)
 Metaspace       used 108754K, committed 110080K, reserved 557056K
  class space    used 15050K, committed 15680K, reserved 425984K
}
Event: 6800.264 GC heap before
{Heap before GC invocations=78 (full 0):
 garbage-first heap   total 249856K, used 140756K [0x0000000080000000, 0x0000000100000000)
  region size 1024K, 12 young (12288K), 10 survivors (10240K)
 Metaspace       used 108790K, committed 110144K, reserved 557056K
  class space    used 15053K, committed 15744K, reserved 425984K
}
Event: 6800.339 GC heap after
{Heap after GC invocations=79 (full 0):
 garbage-first heap   total 249856K, used 125811K [0x0000000080000000, 0x0000000100000000)
  region size 1024K, 2 young (2048K), 2 survivors (2048K)
 Metaspace       used 108790K, committed 110144K, reserved 557056K
  class space    used 15053K, committed 15744K, reserved 425984K
}
Event: 6805.466 GC heap before
{Heap before GC invocations=79 (full 0):
 garbage-first heap   total 249856K, used 203635K [0x0000000080000000, 0x0000000100000000)
  region size 1024K, 78 young (79872K), 2 survivors (2048K)
 Metaspace       used 108936K, committed 110336K, reserved 557056K
  class space    used 15062K, committed 15744K, reserved 425984K
}
Event: 6805.475 GC heap after
{Heap after GC invocations=80 (full 0):
 garbage-first heap   total 249856K, used 128253K [0x0000000080000000, 0x0000000100000000)
  region size 1024K, 4 young (4096K), 4 survivors (4096K)
 Metaspace       used 108936K, committed 110336K, reserved 557056K
  class space    used 15062K, committed 15744K, reserved 425984K
}
Event: 6808.963 GC heap before
{Heap before GC invocations=81 (full 0):
 garbage-first heap   total 249856K, used 206077K [0x0000000080000000, 0x0000000100000000)
  region size 1024K, 80 young (81920K), 4 survivors (4096K)
 Metaspace       used 109322K, committed 110784K, reserved 557056K
  class space    used 15115K, committed 15808K, reserved 425984K
}
Event: 6808.983 GC heap after
{Heap after GC invocations=82 (full 0):
 garbage-first heap   total 249856K, used 132581K [0x0000000080000000, 0x0000000100000000)
  region size 1024K, 8 young (8192K), 8 survivors (8192K)
 Metaspace       used 109322K, committed 110784K, reserved 557056K
  class space    used 15115K, committed 15808K, reserved 425984K
}
Event: 6809.553 GC heap before
{Heap before GC invocations=82 (full 0):
 garbage-first heap   total 249856K, used 136677K [0x0000000080000000, 0x0000000100000000)
  region size 1024K, 12 young (12288K), 8 survivors (8192K)
 Metaspace       used 109337K, committed 110784K, reserved 557056K
  class space    used 15117K, committed 15808K, reserved 425984K
}
Event: 6809.603 GC heap after
{Heap after GC invocations=83 (full 0):
 garbage-first heap   total 249856K, used 132120K [0x0000000080000000, 0x0000000100000000)
  region size 1024K, 2 young (2048K), 2 survivors (2048K)
 Metaspace       used 109337K, committed 110784K, reserved 557056K
  class space    used 15117K, committed 15808K, reserved 425984K
}
Event: 6812.186 GC heap before
{Heap before GC invocations=83 (full 0):
 garbage-first heap   total 249856K, used 193560K [0x0000000080000000, 0x0000000100000000)
  region size 1024K, 63 young (64512K), 2 survivors (2048K)
 Metaspace       used 109581K, committed 111040K, reserved 557056K
  class space    used 15130K, committed 15872K, reserved 425984K
}

